<?xml version="1.0" encoding="UTF-8"?>
<!-- Generated by org.testng.reporters.JUnitReportReporter -->
<testsuite hostname="QT-INNO-LT1439" failures="0" tests="3" name="com.test.TestNG" time="12.458" errors="0" timestamp="2022-03-02T11:02:42 IST" skipped="0">
  <testcase classname="com.test.TestNG" name="google_SearchTest" time="2.348"/>
  <system-out/>
  <testcase classname="com.test.TestNG" name="ndtv_HomePageTest" time="6.331"/>
  <system-out/>
  <testcase classname="com.test.TestNG" name="operation_Test" time="3.779"/>
  <system-out/>
</testsuite> <!-- com.test.TestNG -->
