<?xml version="1.0" encoding="UTF-8"?>
<!-- Generated by org.testng.reporters.JUnitReportReporter -->
<testsuite hostname="QT-INNO-LT1439" failures="0" tests="3" name="com.test.TestNG" time="13.476" errors="0" timestamp="2022-02-28T08:19:18 IST" skipped="0">
  <testcase classname="com.test.TestNG" name="google_SearchTest" time="8.655"/>
  <system-out/>
  <testcase classname="com.test.TestNG" name="ndtv_HomePageTest" time="0.252"/>
  <system-out/>
  <testcase classname="com.test.TestNG" name="operation_Test" time="4.569"/>
  <system-out/>
</testsuite> <!-- com.test.TestNG -->
